# JRE version: Java(TM) SE Runtime Environment (8.0_91-b14) (build 1.8.0_91-b14)
# Java VM: Java HotSpot(TM) 64-Bit Server VM (25.91-b14 mixed mode bsd-amd64 compressed oops)
Heap:
 PSYoungGen      total 234496K, used 33451K [0x00000007aab00000, 0x00000007bba00000, 0x00000007c0000000)
  eden space 202240K, 2% used [0x00000007aab00000,0x00000007aaf76888,0x00000007b7080000)
  from space 32256K, 89% used [0x00000007b9380000,0x00000007bafb4600,0x00000007bb300000)
  to   space 35840K, 0% used [0x00000007b7080000,0x00000007b7080000,0x00000007b9380000)
 ParOldGen       total 87552K, used 51195K [0x0000000780000000, 0x0000000785580000, 0x00000007aab00000)
  object space 87552K, 58% used [0x0000000780000000,0x00000007831fee00,0x0000000785580000)
 Metaspace       used 6831K, capacity 7544K, committed 7680K, reserved 1056768K
  class space    used 637K, capacity 688K, committed 768K, reserved 1048576K
GC Heap History (10 events):
Event: 6.740 GC heap before
{Heap before GC invocations=6 (full 0):
 PSYoungGen      total 38400K, used 38386K [0x00000007aab00000, 0x00000007b0700000, 0x00000007c0000000)
  eden space 33280K, 100% used [0x00000007aab00000,0x00000007acb80000,0x00000007acb80000)
  from space 5120K, 99% used [0x00000007acb80000,0x00000007ad07c8f0,0x00000007ad080000)
  to   space 13824K, 0% used [0x00000007af980000,0x00000007af980000,0x00000007b0700000)
 ParOldGen       total 87552K, used 19395K [0x0000000780000000, 0x0000000785580000, 0x00000007aab00000)
  object space 87552K, 22% used [0x0000000780000000,0x00000007812f0c90,0x0000000785580000)
 Metaspace       used 6067K, capacity 6960K, committed 7040K, reserved 1056768K
  class space    used 598K, capacity 616K, committed 640K, reserved 1048576K
Event: 6.775 GC heap after
Heap after GC invocations=6 (full 0):
 PSYoungGen      total 80384K, used 9938K [0x00000007aab00000, 0x00000007b0700000, 0x00000007c0000000)
  eden space 66560K, 0% used [0x00000007aab00000,0x00000007aab00000,0x00000007aec00000)
  from space 13824K, 71% used [0x00000007af980000,0x00000007b03348f0,0x00000007b0700000)
  to   space 13824K, 0% used [0x00000007aec00000,0x00000007aec00000,0x00000007af980000)
 ParOldGen       total 87552K, used 19395K [0x0000000780000000, 0x0000000785580000, 0x00000007aab00000)
  object space 87552K, 22% used [0x0000000780000000,0x00000007812f0c90,0x0000000785580000)
 Metaspace       used 6067K, capacity 6960K, committed 7040K, reserved 1056768K
  class space    used 598K, capacity 616K, committed 640K, reserved 1048576K
}
Event: 7.841 GC heap before
{Heap before GC invocations=7 (full 0):
 PSYoungGen      total 80384K, used 76498K [0x00000007aab00000, 0x00000007b0700000, 0x00000007c0000000)
  eden space 66560K, 100% used [0x00000007aab00000,0x00000007aec00000,0x00000007aec00000)
  from space 13824K, 71% used [0x00000007af980000,0x00000007b03348f0,0x00000007b0700000)
  to   space 13824K, 0% used [0x00000007aec00000,0x00000007aec00000,0x00000007af980000)
 ParOldGen       total 87552K, used 19395K [0x0000000780000000, 0x0000000785580000, 0x00000007aab00000)
  object space 87552K, 22% used [0x0000000780000000,0x00000007812f0c90,0x0000000785580000)
 Metaspace       used 6137K, capacity 7024K, committed 7296K, reserved 1056768K
  class space    used 598K, capacity 616K, committed 640K, reserved 1048576K
Event: 7.882 GC heap after
Heap after GC invocations=7 (full 0):
 PSYoungGen      total 80384K, used 13808K [0x00000007aab00000, 0x00000007b5200000, 0x00000007c0000000)
  eden space 66560K, 0% used [0x00000007aab00000,0x00000007aab00000,0x00000007aec00000)
  from space 13824K, 99% used [0x00000007aec00000,0x00000007af97c030,0x00000007af980000)
  to   space 18944K, 0% used [0x00000007b3f80000,0x00000007b3f80000,0x00000007b5200000)
 ParOldGen       total 87552K, used 26152K [0x0000000780000000, 0x0000000785580000, 0x00000007aab00000)
  object space 87552K, 29% used [0x0000000780000000,0x000000078198a3b8,0x0000000785580000)
 Metaspace       used 6137K, capacity 7024K, committed 7296K, reserved 1056768K
  class space    used 598K, capacity 616K, committed 640K, reserved 1048576K
}
Event: 8.780 GC heap before
{Heap before GC invocations=8 (full 0):
 PSYoungGen      total 80384K, used 80368K [0x00000007aab00000, 0x00000007b5200000, 0x00000007c0000000)
  eden space 66560K, 100% used [0x00000007aab00000,0x00000007aec00000,0x00000007aec00000)
  from space 13824K, 99% used [0x00000007aec00000,0x00000007af97c030,0x00000007af980000)
  to   space 18944K, 0% used [0x00000007b3f80000,0x00000007b3f80000,0x00000007b5200000)
 ParOldGen       total 87552K, used 26152K [0x0000000780000000, 0x0000000785580000, 0x00000007aab00000)
  object space 87552K, 29% used [0x0000000780000000,0x000000078198a3b8,0x0000000785580000)
 Metaspace       used 6338K, capacity 7192K, committed 7424K, reserved 1056768K
  class space    used 619K, capacity 656K, committed 768K, reserved 1048576K
Event: 8.821 GC heap after
Heap after GC invocations=8 (full 0):
 PSYoungGen      total 147456K, used 18920K [0x00000007aab00000, 0x00000007b5b00000, 0x00000007c0000000)
  eden space 128512K, 0% used [0x00000007aab00000,0x00000007aab00000,0x00000007b2880000)
  from space 18944K, 99% used [0x00000007b3f80000,0x00000007b51fa278,0x00000007b5200000)
  to   space 23552K, 0% used [0x00000007b2880000,0x00000007b2880000,0x00000007b3f80000)
 ParOldGen       total 87552K, used 30731K [0x0000000780000000, 0x0000000785580000, 0x00000007aab00000)
  object space 87552K, 35% used [0x0000000780000000,0x0000000781e02cf8,0x0000000785580000)
 Metaspace       used 6338K, capacity 7192K, committed 7424K, reserved 1056768K
  class space    used 619K, capacity 656K, committed 768K, reserved 1048576K
}
Event: 11.144 GC heap before
{Heap before GC invocations=9 (full 0):
 PSYoungGen      total 147456K, used 147432K [0x00000007aab00000, 0x00000007b5b00000, 0x00000007c0000000)
  eden space 128512K, 100% used [0x00000007aab00000,0x00000007b2880000,0x00000007b2880000)
  from space 18944K, 99% used [0x00000007b3f80000,0x00000007b51fa278,0x00000007b5200000)
  to   space 23552K, 0% used [0x00000007b2880000,0x00000007b2880000,0x00000007b3f80000)
 ParOldGen       total 87552K, used 30731K [0x0000000780000000, 0x0000000785580000, 0x00000007aab00000)
  object space 87552K, 35% used [0x0000000780000000,0x0000000781e02cf8,0x0000000785580000)
 Metaspace       used 6445K, capacity 7192K, committed 7424K, reserved 1056768K
  class space    used 619K, capacity 656K, committed 768K, reserved 1048576K
Event: 11.217 GC heap after
Heap after GC invocations=9 (full 0):
 PSYoungGen      total 152064K, used 23535K [0x00000007aab00000, 0x00000007bb300000, 0x00000007c0000000)
  eden space 128512K, 0% used [0x00000007aab00000,0x00000007aab00000,0x00000007b2880000)
  from space 23552K, 99% used [0x00000007b2880000,0x00000007b3f7bff0,0x00000007b3f80000)
  to   space 32256K, 0% used [0x00000007b9380000,0x00000007b9380000,0x00000007bb300000)
 ParOldGen       total 87552K, used 43777K [0x0000000780000000, 0x0000000785580000, 0x00000007aab00000)
  object space 87552K, 50% used [0x0000000780000000,0x0000000782ac06f0,0x0000000785580000)
 Metaspace       used 6445K, capacity 7192K, committed 7424K, reserved 1056768K
  class space    used 619K, capacity 656K, committed 768K, reserved 1048576K
}
Event: 15.956 GC heap before
{Heap before GC invocations=10 (full 0):
 PSYoungGen      total 152064K, used 152047K [0x00000007aab00000, 0x00000007bb300000, 0x00000007c0000000)
  eden space 128512K, 100% used [0x00000007aab00000,0x00000007b2880000,0x00000007b2880000)
  from space 23552K, 99% used [0x00000007b2880000,0x00000007b3f7bff0,0x00000007b3f80000)
  to   space 32256K, 0% used [0x00000007b9380000,0x00000007b9380000,0x00000007bb300000)
 ParOldGen       total 87552K, used 43777K [0x0000000780000000, 0x0000000785580000, 0x00000007aab00000)
  object space 87552K, 50% used [0x0000000780000000,0x0000000782ac06f0,0x0000000785580000)
 Metaspace       used 6829K, capacity 7544K, committed 7680K, reserved 1056768K
  class space    used 637K, capacity 688K, committed 768K, reserved 1048576K
Event: 16.030 GC heap after
Heap after GC invocations=10 (full 0):
 PSYoungGen      total 234496K, used 28881K [0x00000007aab00000, 0x00000007bba00000, 0x00000007c0000000)
  eden space 202240K, 0% used [0x00000007aab00000,0x00000007aab00000,0x00000007b7080000)
  from space 32256K, 89% used [0x00000007b9380000,0x00000007bafb4600,0x00000007bb300000)
  to   space 35840K, 0% used [0x00000007b7080000,0x00000007b7080000,0x00000007b9380000)
 ParOldGen       total 87552K, used 51195K [0x0000000780000000, 0x0000000785580000, 0x00000007aab00000)
  object space 87552K, 58% used [0x0000000780000000,0x00000007831fee00,0x0000000785580000)
 Metaspace       used 6829K, capacity 7544K, committed 7680K, reserved 1056768K
  class space    used 637K, capacity 688K, committed 768K, reserved 1048576K
}

