# JRE version: Java(TM) SE Runtime Environment (8.0_91-b14) (build 1.8.0_91-b14)
# Java VM: Java HotSpot(TM) 64-Bit Server VM (25.91-b14 mixed mode bsd-amd64 compressed oops)
Heap:
 PSYoungGen      total 284672K, used 88461K [0x00000007aab00000, 0x00000007bf500000, 0x00000007c0000000)
  eden space 254464K, 22% used [0x00000007aab00000,0x00000007ae3e6e98,0x00000007ba380000)
  from space 30208K, 99% used [0x00000007bc880000,0x00000007be5fc768,0x00000007be600000)
  to   space 37888K, 0% used [0x00000007ba380000,0x00000007ba380000,0x00000007bc880000)
 ParOldGen       total 87552K, used 45213K [0x0000000780000000, 0x0000000785580000, 0x00000007aab00000)
  object space 87552K, 51% used [0x0000000780000000,0x0000000782c274c0,0x0000000785580000)
 Metaspace       used 6604K, capacity 7320K, committed 7680K, reserved 1056768K
  class space    used 625K, capacity 656K, committed 768K, reserved 1048576K
GC Heap History (10 events):
Event: 5.579 GC heap before
{Heap before GC invocations=4 (full 0):
 PSYoungGen      total 38400K, used 38392K [0x00000007aab00000, 0x00000007af600000, 0x00000007c0000000)
  eden space 33280K, 100% used [0x00000007aab00000,0x00000007acb80000,0x00000007acb80000)
  from space 5120K, 99% used [0x00000007acb80000,0x00000007ad07e2b8,0x00000007ad080000)
  to   space 5120K, 0% used [0x00000007af100000,0x00000007af100000,0x00000007af600000)
 ParOldGen       total 87552K, used 8027K [0x0000000780000000, 0x0000000785580000, 0x00000007aab00000)
  object space 87552K, 9% used [0x0000000780000000,0x00000007807d6de0,0x0000000785580000)
 Metaspace       used 5970K, capacity 6896K, committed 7040K, reserved 1056768K
  class space    used 598K, capacity 616K, committed 640K, reserved 1048576K
Event: 5.612 GC heap after
Heap after GC invocations=4 (full 0):
 PSYoungGen      total 71680K, used 5096K [0x00000007aab00000, 0x00000007af600000, 0x00000007c0000000)
  eden space 66560K, 0% used [0x00000007aab00000,0x00000007aab00000,0x00000007aec00000)
  from space 5120K, 99% used [0x00000007af100000,0x00000007af5fa120,0x00000007af600000)
  to   space 5120K, 0% used [0x00000007aec00000,0x00000007aec00000,0x00000007af100000)
 ParOldGen       total 87552K, used 13570K [0x0000000780000000, 0x0000000785580000, 0x00000007aab00000)
  object space 87552K, 15% used [0x0000000780000000,0x0000000780d40838,0x0000000785580000)
 Metaspace       used 5970K, capacity 6896K, committed 7040K, reserved 1056768K
  class space    used 598K, capacity 616K, committed 640K, reserved 1048576K
}
Event: 7.087 GC heap before
{Heap before GC invocations=5 (full 0):
 PSYoungGen      total 71680K, used 71656K [0x00000007aab00000, 0x00000007af600000, 0x00000007c0000000)
  eden space 66560K, 100% used [0x00000007aab00000,0x00000007aec00000,0x00000007aec00000)
  from space 5120K, 99% used [0x00000007af100000,0x00000007af5fa120,0x00000007af600000)
  to   space 5120K, 0% used [0x00000007aec00000,0x00000007aec00000,0x00000007af100000)
 ParOldGen       total 87552K, used 13570K [0x0000000780000000, 0x0000000785580000, 0x00000007aab00000)
  object space 87552K, 15% used [0x0000000780000000,0x0000000780d40838,0x0000000785580000)
 Metaspace       used 6022K, capacity 6960K, committed 7040K, reserved 1056768K
  class space    used 599K, capacity 616K, committed 640K, reserved 1048576K
Event: 7.116 GC heap after
Heap after GC invocations=5 (full 0):
 PSYoungGen      total 71680K, used 5095K [0x00000007aab00000, 0x00000007b4e00000, 0x00000007c0000000)
  eden space 66560K, 0% used [0x00000007aab00000,0x00000007aab00000,0x00000007aec00000)
  from space 5120K, 99% used [0x00000007aec00000,0x00000007af0f9fa8,0x00000007af100000)
  to   space 16896K, 0% used [0x00000007b3d80000,0x00000007b3d80000,0x00000007b4e00000)
 ParOldGen       total 87552K, used 22984K [0x0000000780000000, 0x0000000785580000, 0x00000007aab00000)
  object space 87552K, 26% used [0x0000000780000000,0x00000007816721c0,0x0000000785580000)
 Metaspace       used 6022K, capacity 6960K, committed 7040K, reserved 1056768K
  class space    used 599K, capacity 616K, committed 640K, reserved 1048576K
}
Event: 8.378 GC heap before
{Heap before GC invocations=6 (full 0):
 PSYoungGen      total 71680K, used 71655K [0x00000007aab00000, 0x00000007b4e00000, 0x00000007c0000000)
  eden space 66560K, 100% used [0x00000007aab00000,0x00000007aec00000,0x00000007aec00000)
  from space 5120K, 99% used [0x00000007aec00000,0x00000007af0f9fa8,0x00000007af100000)
  to   space 16896K, 0% used [0x00000007b3d80000,0x00000007b3d80000,0x00000007b4e00000)
 ParOldGen       total 87552K, used 22984K [0x0000000780000000, 0x0000000785580000, 0x00000007aab00000)
  object space 87552K, 26% used [0x0000000780000000,0x00000007816721c0,0x0000000785580000)
 Metaspace       used 6095K, capacity 7024K, committed 7296K, reserved 1056768K
  class space    used 599K, capacity 616K, committed 640K, reserved 1048576K
Event: 8.412 GC heap after
Heap after GC invocations=6 (full 0):
 PSYoungGen      total 147968K, used 15876K [0x00000007aab00000, 0x00000007b5200000, 0x00000007c0000000)
  eden space 131072K, 0% used [0x00000007aab00000,0x00000007aab00000,0x00000007b2b00000)
  from space 16896K, 93% used [0x00000007b3d80000,0x00000007b4d01360,0x00000007b4e00000)
  to   space 18944K, 0% used [0x00000007b2b00000,0x00000007b2b00000,0x00000007b3d80000)
 ParOldGen       total 87552K, used 22984K [0x0000000780000000, 0x0000000785580000, 0x00000007aab00000)
  object space 87552K, 26% used [0x0000000780000000,0x00000007816721c0,0x0000000785580000)
 Metaspace       used 6095K, capacity 7024K, committed 7296K, reserved 1056768K
  class space    used 599K, capacity 616K, committed 640K, reserved 1048576K
}
Event: 10.200 GC heap before
{Heap before GC invocations=7 (full 0):
 PSYoungGen      total 147968K, used 146948K [0x00000007aab00000, 0x00000007b5200000, 0x00000007c0000000)
  eden space 131072K, 100% used [0x00000007aab00000,0x00000007b2b00000,0x00000007b2b00000)
  from space 16896K, 93% used [0x00000007b3d80000,0x00000007b4d01360,0x00000007b4e00000)
  to   space 18944K, 0% used [0x00000007b2b00000,0x00000007b2b00000,0x00000007b3d80000)
 ParOldGen       total 87552K, used 22984K [0x0000000780000000, 0x0000000785580000, 0x00000007aab00000)
  object space 87552K, 26% used [0x0000000780000000,0x00000007816721c0,0x0000000785580000)
 Metaspace       used 6400K, capacity 7192K, committed 7424K, reserved 1056768K
  class space    used 619K, capacity 656K, committed 768K, reserved 1048576K
Event: 10.282 GC heap after
Heap after GC invocations=7 (full 0):
 PSYoungGen      total 150016K, used 18929K [0x00000007aab00000, 0x00000007be600000, 0x00000007c0000000)
  eden space 131072K, 0% used [0x00000007aab00000,0x00000007aab00000,0x00000007b2b00000)
  from space 18944K, 99% used [0x00000007b2b00000,0x00000007b3d7c710,0x00000007b3d80000)
  to   space 30208K, 0% used [0x00000007bc880000,0x00000007bc880000,0x00000007be600000)
 ParOldGen       total 87552K, used 38685K [0x0000000780000000, 0x0000000785580000, 0x00000007aab00000)
  object space 87552K, 44% used [0x0000000780000000,0x00000007825c77a8,0x0000000785580000)
 Metaspace       used 6400K, capacity 7192K, committed 7424K, reserved 1056768K
  class space    used 619K, capacity 656K, committed 768K, reserved 1048576K
}
Event: 11.861 GC heap before
{Heap before GC invocations=8 (full 0):
 PSYoungGen      total 150016K, used 150001K [0x00000007aab00000, 0x00000007be600000, 0x00000007c0000000)
  eden space 131072K, 100% used [0x00000007aab00000,0x00000007b2b00000,0x00000007b2b00000)
  from space 18944K, 99% used [0x00000007b2b00000,0x00000007b3d7c710,0x00000007b3d80000)
  to   space 30208K, 0% used [0x00000007bc880000,0x00000007bc880000,0x00000007be600000)
 ParOldGen       total 87552K, used 38685K [0x0000000780000000, 0x0000000785580000, 0x00000007aab00000)
  object space 87552K, 44% used [0x0000000780000000,0x00000007825c77a8,0x0000000785580000)
 Metaspace       used 6492K, capacity 7256K, committed 7424K, reserved 1056768K
  class space    used 619K, capacity 656K, committed 768K, reserved 1048576K
Event: 11.938 GC heap after
Heap after GC invocations=8 (full 0):
 PSYoungGen      total 284672K, used 30193K [0x00000007aab00000, 0x00000007bf500000, 0x00000007c0000000)
  eden space 254464K, 0% used [0x00000007aab00000,0x00000007aab00000,0x00000007ba380000)
  from space 30208K, 99% used [0x00000007bc880000,0x00000007be5fc768,0x00000007be600000)
  to   space 37888K, 0% used [0x00000007ba380000,0x00000007ba380000,0x00000007bc880000)
 ParOldGen       total 87552K, used 45213K [0x0000000780000000, 0x0000000785580000, 0x00000007aab00000)
  object space 87552K, 51% used [0x0000000780000000,0x0000000782c274c0,0x0000000785580000)
 Metaspace       used 6492K, capacity 7256K, committed 7424K, reserved 1056768K
  class space    used 619K, capacity 656K, committed 768K, reserved 1048576K
}

